0 info it worked if it ends with ok
1 verbose cli [ '/usr/bin/node', '/usr/bin/npm', 'publish' ]
2 info using npm@1.4.28
3 info using node@v0.10.37
4 verbose node symlink /usr/bin/node
5 verbose publish [ '.' ]
6 verbose cache add [ '.', null ]
7 verbose cache add name=undefined spec="." args=[".",null]
8 verbose parsed url { protocol: null,
8 verbose parsed url   slashes: null,
8 verbose parsed url   auth: null,
8 verbose parsed url   host: null,
8 verbose parsed url   port: null,
8 verbose parsed url   hostname: null,
8 verbose parsed url   hash: null,
8 verbose parsed url   search: null,
8 verbose parsed url   query: null,
8 verbose parsed url   pathname: '.',
8 verbose parsed url   path: '.',
8 verbose parsed url   href: '.' }
9 silly lockFile 3a52ce78- .
10 verbose lock . /home/yoganand/.npm/3a52ce78-.lock
11 verbose tar pack [ '/home/yoganand/.npm/grunt-clean-rev/0.1.0/package.tgz', '.' ]
12 verbose tarball /home/yoganand/.npm/grunt-clean-rev/0.1.0/package.tgz
13 verbose folder .
14 info prepublish grunt-clean-rev@0.1.0
15 silly lockFile 1f1177db-tar tar://.
16 verbose lock tar://. /home/yoganand/.npm/1f1177db-tar.lock
17 silly lockFile 36285f8c-runt-clean-rev-0-1-0-package-tgz tar:///home/yoganand/.npm/grunt-clean-rev/0.1.0/package.tgz
18 verbose lock tar:///home/yoganand/.npm/grunt-clean-rev/0.1.0/package.tgz /home/yoganand/.npm/36285f8c-runt-clean-rev-0-1-0-package-tgz.lock
19 silly lockFile 1f1177db-tar tar://.
20 silly lockFile 1f1177db-tar tar://.
21 silly lockFile 36285f8c-runt-clean-rev-0-1-0-package-tgz tar:///home/yoganand/.npm/grunt-clean-rev/0.1.0/package.tgz
22 silly lockFile 36285f8c-runt-clean-rev-0-1-0-package-tgz tar:///home/yoganand/.npm/grunt-clean-rev/0.1.0/package.tgz
23 silly lockFile 5a1781ef-pm-grunt-clean-rev-0-1-0-package /home/yoganand/.npm/grunt-clean-rev/0.1.0/package
24 verbose lock /home/yoganand/.npm/grunt-clean-rev/0.1.0/package /home/yoganand/.npm/5a1781ef-pm-grunt-clean-rev-0-1-0-package.lock
25 silly lockFile 5a1781ef-pm-grunt-clean-rev-0-1-0-package /home/yoganand/.npm/grunt-clean-rev/0.1.0/package
26 silly lockFile 5a1781ef-pm-grunt-clean-rev-0-1-0-package /home/yoganand/.npm/grunt-clean-rev/0.1.0/package
27 silly lockFile 3a52ce78- .
28 silly lockFile 3a52ce78- .
29 silly publish { name: 'grunt-clean-rev',
29 silly publish   description: 'Removes previously revved files ',
29 silly publish   version: '0.1.0',
29 silly publish   homepage: 'https://github.com/yoganand/grunt-clean-rev',
29 silly publish   author: { name: 'Yoganand', email: 'yoganand.a@tivamo.com' },
29 silly publish   repository:
29 silly publish    { type: 'git',
29 silly publish      url: 'git://github.com/yoganand/grunt-clean-rev.git' },
29 silly publish   bugs: { url: 'https://github.com/yoganand/grunt-clean-rev/issues' },
29 silly publish   licenses:
29 silly publish    [ { type: 'MIT',
29 silly publish        url: 'https://github.com/yoganand/grunt-clean-rev/blob/master/LICENSE-MIT' } ],
29 silly publish   engines: { node: '>= 0.8.0' },
29 silly publish   scripts: { test: 'grunt test' },
29 silly publish   devDependencies:
29 silly publish    { 'grunt-contrib-jshint': '^0.9.2',
29 silly publish      rimraf: '^2.2.1',
29 silly publish      'grunt-contrib-clean': '^0.5.0',
29 silly publish      'grunt-contrib-nodeunit': '^0.3.3',
29 silly publish      grunt: '~0.4.5',
29 silly publish      'each-async': '^1.1.1' },
29 silly publish   peerDependencies: { grunt: '~0.4.5' },
29 silly publish   keywords: [ 'gruntplugin' ],
29 silly publish   readme: '# loadscript\n\n> Cleans old revved files\n\n## Getting Started\nThis plugin requires Grunt `~0.4.5`\n\nIf you haven\'t used [Grunt](http://gruntjs.com/) before, be sure to check out the [Getting Started](http://gruntjs.com/getting-started) guide, as it explains how to create a [Gruntfile](http://gruntjs.com/sample-gruntfile) as well as install and use Grunt plugins. Once you\'re familiar with that process, you may install this plugin with this command:\n\n```shell\nnpm install grunt-clean-rev --save-dev\n```\n\nOnce the plugin has been installed, it may be enabled inside your Gruntfile with this line of JavaScript:\n\n```js\ngrunt.loadNpmTasks(\'grunt-clean-rev\');\n```\n\n## The "loadscript" task\n\n### Overview\nIn your project\'s Gruntfile, add a section named `loadscript` to the data object passed into `grunt.initConfig()`.\n\n```js\ngrunt.initConfig({\n  cleanRevvedFiles: {\n            options: {\n                algorithm: \'md5\',\n                length: 8\n            },\n            source: {\n                files :[{\n                    src: [\n                        \'media/js/global_search.js\',\n                        \'media/js/**/*.js\',\n                        \'media/css/*.css\',\n                        \'media/css/**/*.css\',\n                        // \'media/img/*.{jpg,jpeg,gif,png,webp}\'\n                    ],\n                }]\n            }\n        },\n});\n```\n\n### Options\n\n#### options.separator\nType: `String`\nDefault value: `\',  \'`\n\nA string value that is used to do something with whatever.\n\n#### options.punctuation\nType: `String`\nDefault value: `\'.\'`\n\nA string value that is used to do something else with whatever else.\n\n### Usage Examples\n\n## Contributing\nIn lieu of a formal styleguide, take care to maintain the existing coding style. Add unit tests for any new or changed functionality. Lint and test your code using [Grunt](http://gruntjs.com/).\n\n## Release History\n_(Nothing yet)_\n',
29 silly publish   readmeFilename: 'README.md',
29 silly publish   _id: 'grunt-clean-rev@0.1.0',
29 silly publish   _shasum: 'ee4dd3a715c6975d87287629fb705841aa423ad8',
29 silly publish   _from: '.' }
30 error need auth auth and email required for publishing
30 error need auth You need to authorize this machine using `npm adduser`
31 error System Linux 3.13.0-49-generic
32 error command "/usr/bin/node" "/usr/bin/npm" "publish"
33 error cwd /home/yoganand/tivamo/grunt-clean-rev
34 error node -v v0.10.37
35 error npm -v 1.4.28
36 error code ENEEDAUTH
37 verbose exit [ 1, true ]
